<?xml version="1.0" encoding="UTF-8"?>
<!-- Generated by org.testng.reporters.JUnitXMLReporter -->
<testsuite ignored="0" hostname="LAPTOP-U40NT7ML" failures="0" tests="4" name="Default test" time="0.197" errors="0" timestamp="2024-11-03T12:14:20 IST">
  <testcase classname="com.ashok.service.WorkflowServiceTest" name="addWorkflowWhenWorkflowAlreadyExists" time="0.014"/>
  <testcase classname="com.ashok.service.WorkflowServiceTest" name="addWorkflowWhenWorkflowCreatedSuccessfully" time="0.003"/>
  <testcase classname="com.ashok.service.WorkflowServiceTest" name="updateWorkflowWhenWorkflowCreatedSuccessfully" time="0.0"/>
  <testcase classname="com.ashok.service.WorkflowServiceTest" name="updateWorkflowWhenWorkflowDoesNotExists" time="0.001"/>
</testsuite> <!-- Default test -->
